Using pre-set license

 COMMAND LINE ARGUMENTS:
/Volumes/T7/Applications/Unity/2020.3.1f1/Unity.app/Contents/MacOS/Unity
-adb2
-batchMode
-noUpm
-name
AssetImportWorker0
-projectPath
/Volumes/T7/Ketchapp Games/UbiTest-main
-logFile
Logs/AssetImportWorker0.log
-srvPort
52565
Successfully changed project path to: /Volumes/T7/Ketchapp Games/UbiTest-main
/Volumes/T7/Ketchapp Games/UbiTest-main
Using Asset Import Pipeline V2.
Refreshing native plugins compatible for Editor in 261.89 ms, found 3 plugins.
Preloading 0 native plugins for Editor in 0.00 ms.
Initialize engine version: 2020.3.1f1 (77a89f25062f)
[Subsystems] Discovering subsystems at path /Volumes/T7/Applications/Unity/2020.3.1f1/Unity.app/Contents/Resources/UnitySubsystems
[Subsystems] Discovering subsystems at path /Volumes/T7/Ketchapp Games/UbiTest-main/Assets
GfxDevice: creating device client; threaded=0
2021-08-10 10:34:43.856 Unity[4903:83453] Color LCD preferred device: AMD Radeon Pro 555X (high power)
2021-08-10 10:34:43.856 Unity[4903:83453] Metal devices available: 2
2021-08-10 10:34:43.856 Unity[4903:83453] 0: AMD Radeon Pro 555X (high power)
2021-08-10 10:34:43.856 Unity[4903:83453] 1: Intel(R) UHD Graphics 630 (low power)
2021-08-10 10:34:43.856 Unity[4903:83453] Using device AMD Radeon Pro 555X (high power)
Initializing Metal device caps: AMD Radeon Pro 555X
Initialize mono
Mono path[0] = '/Volumes/T7/Applications/Unity/2020.3.1f1/Unity.app/Contents/Managed'
Mono path[1] = '/Volumes/T7/Applications/Unity/2020.3.1f1/Unity.app/Contents/MonoBleedingEdge/lib/mono/unityjit'
Mono config path = '/Volumes/T7/Applications/Unity/2020.3.1f1/Unity.app/Contents/MonoBleedingEdge/etc'
Using monoOptions --debugger-agent=transport=dt_socket,embedding=1,server=y,suspend=n,address=127.0.0.1:56903
Begin MonoManager ReloadAssembly
Registering precompiled unity dll's ...
Register platform support module: /Volumes/T7/Applications/Unity/2020.3.1f1/Unity.app/Contents/PlaybackEngines/MacStandaloneSupport/UnityEditor.OSXStandalone.Extensions.dll
Registered in 0.003739 seconds.
Native extension for OSXStandalone target not found
Refreshing native plugins compatible for Editor in 100.02 ms, found 3 plugins.
Preloading 0 native plugins for Editor in 0.00 ms.
Invoked RoslynAnalysisRunner static constructor.
RoslynAnalysisRunner will not be running.
RoslynAnalysisRunner has terminated.
Mono: successfully reloaded assembly
- Completed reload, in  5.543 seconds
Platform modules already initialized, skipping
Registering precompiled user dll's ...
Registered in 0.049919 seconds.
Begin MonoManager ReloadAssembly
Symbol file LoadedFromMemory doesn't match image /Volumes/T7/Ketchapp Games/UbiTest-main/Library/PackageCache/com.unity.visualscripting@1.6.1/Editor/VisualScripting.Core/Dependencies/DotNetZip/Unity.VisualScripting.IonicZip.dll
Symbol file LoadedFromMemory doesn't match image /Volumes/T7/Ketchapp Games/UbiTest-main/Library/PackageCache/com.unity.visualscripting@1.6.1/Editor/VisualScripting.Core/Dependencies/YamlDotNet/Unity.VisualScripting.YamlDotNet.dll
Native extension for OSXStandalone target not found
Refreshing native plugins compatible for Editor in 1.76 ms, found 2 plugins.
Preloading 0 native plugins for Editor in 0.00 ms.
WARNING: RGBA Compressed ETC2 UNorm format is not supported, decompressing texture
WARNING: RGBA Compressed ETC2 UNorm format is not supported, decompressing texture
WARNING: RGBA Compressed ETC2 UNorm format is not supported, decompressing texture
Invoked RoslynAnalysisRunner static constructor.
RoslynAnalysisRunner will not be running.
RoslynAnalysisRunner has terminated.
Mono: successfully reloaded assembly
- Completed reload, in  1.734 seconds
Platform modules already initialized, skipping
========================================================================
Worker process is ready to serve import requests
Launching external process: /Volumes/T7/Applications/Unity/2020.3.1f1/Unity.app/Contents/Tools/UnityShaderCompiler
Launched and connected shader compiler UnityShaderCompiler after 0.02 seconds
Refreshing native plugins compatible for Editor in 1.37 ms, found 2 plugins.
Preloading 0 native plugins for Editor in 0.00 ms.
Unloading 3937 Unused Serialized files (Serialized files now loaded: 0)
System memory in use before: 238.8 MB.
System memory in use after: 239.0 MB.

Unloading 314 unused Assets to reduce memory usage. Loaded Objects now: 4118.
Total: 2.831392 ms (FindLiveObjects: 0.372463 ms CreateObjectMapping: 0.184874 ms MarkObjects: 2.104544 ms  DeleteObjects: 0.168644 ms)

========================================================================
Received Import Request.
  path: Packages/com.unity.2d.animation/package.json
  artifactKey: Guid(9e83c20a8293f44ec8a375d3805f477d) Importer(815301076,1909f56bfc062723c751e8b465ee728b)
Start importing Packages/com.unity.2d.animation/package.json using Guid(9e83c20a8293f44ec8a375d3805f477d) Importer(815301076,1909f56bfc062723c751e8b465ee728b)  -> (artifact id: '18c7b49d1c35e9292a7b3b537dcf41fd') in 1.931397 seconds
  Import took 1.943386 seconds .

